2015-09-24T07:10:32+00:00 DEBUG (7): receive products module.
2015-09-24T07:10:33+00:00 DEBUG (7): error message is :无法从非管理员区域完成该操作。
2015-09-24T07:24:47+00:00 DEBUG (7): receive products module.
2015-09-24T07:24:49+00:00 DEBUG (7): error message is :无法从非管理员区域完成该操作。
2015-09-24T08:12:57+00:00 DEBUG (7): receive products module.
2015-09-24T08:16:37+00:00 DEBUG (7): receive products module.
2015-09-24T08:16:37+00:00 DEBUG (7): Mage_Core_Exception Object
(
    [_messages:protected] => Array
        (
        )

    [message:protected] => 无法从非管理员区域完成该操作。
    [string:Exception:private] => 
    [code:protected] => 0
    [file:protected] => C:\xampp\htdocs\magento\app\Mage.php
    [line:protected] => 594
    [trace:Exception:private] => Array
        (
            [0] => Array
                (
                    [file] => C:\xampp\htdocs\magento\app\code\core\Mage\Core\Model\Abstract.php
                    [line] => 517
                    [function] => throwException
                    [class] => Mage
                    [type] => ::
                    [args] => Array
                        (
                            [0] => 无法从非管理员区域完成该操作。
                        )

                )

            [1] => Array
                (
                    [file] => C:\xampp\htdocs\magento\app\code\core\Mage\Sales\Model\Order.php
                    [line] => 2249
                    [function] => _protectFromNonAdmin
                    [class] => Mage_Core_Model_Abstract
                    [type] => ->
                    [args] => Array
                        (
                        )

                )

            [2] => Array
                (
                    [file] => C:\xampp\htdocs\magento\app\code\core\Mage\Core\Model\Abstract.php
                    [line] => 479
                    [function] => _beforeDelete
                    [class] => Mage_Sales_Model_Order
                    [type] => ->
                    [args] => Array
                        (
                        )

                )

            [3] => Array
                (
                    [file] => C:\xampp\htdocs\magento\app\code\local\Magento\Products\controllers\IndexController.php
                    [line] => 60
                    [function] => delete
                    [class] => Mage_Core_Model_Abstract
                    [type] => ->
                    [args] => Array
                        (
                        )

                )

            [4] => Array
                (
                    [file] => C:\xampp\htdocs\magento\app\code\core\Mage\Core\Controller\Varien\Action.php
                    [line] => 418
                    [function] => getAction
                    [class] => Magento_Products_IndexController
                    [type] => ->
                    [args] => Array
                        (
                        )

                )

            [5] => Array
                (
                    [file] => C:\xampp\htdocs\magento\app\code\core\Mage\Core\Controller\Varien\Router\Standard.php
                    [line] => 250
                    [function] => dispatch
                    [class] => Mage_Core_Controller_Varien_Action
                    [type] => ->
                    [args] => Array
                        (
                            [0] => get
                        )

                )

            [6] => Array
                (
                    [file] => C:\xampp\htdocs\magento\app\code\core\Mage\Core\Controller\Varien\Front.php
                    [line] => 172
                    [function] => match
                    [class] => Mage_Core_Controller_Varien_Router_Standard
                    [type] => ->
                    [args] => Array
                        (
                            [0] => Mage_Core_Controller_Request_Http Object
                                (
                                    [_originalPathInfo:protected] => /pro/index/get
                                    [_storeCode:protected] => 
                                    [_requestString:protected] => /pro/index/get
                                    [_rewritedPathInfo:protected] => 
                                    [_requestedRouteName:protected] => 
                                    [_routingInfo:protected] => Array
                                        (
                                        )

                                    [_route:protected] => products
                                    [_directFrontNames:protected] => 
                                    [_controllerModule:protected] => Magento_Products
                                    [_isStraight:protected] => 
                                    [_beforeForwardInfo:protected] => Array
                                        (
                                        )

                                    [_paramSources:protected] => Array
                                        (
                                            [0] => _GET
                                            [1] => _POST
                                        )

                                    [_requestUri:protected] => /index.php/pro/index/get
                                    [_baseUrl:protected] => /index.php
                                    [_basePath:protected] => 
                                    [_pathInfo:protected] => /pro/index/get
                                    [_params:protected] => Array
                                        (
                                        )

                                    [_rawBody:protected] => 
                                    [_aliases:protected] => Array
                                        (
                                        )

                                    [_dispatched:protected] => 1
                                    [_module:protected] => pro
                                    [_moduleKey:protected] => module
                                    [_controller:protected] => index
                                    [_controllerKey:protected] => controller
                                    [_action:protected] => get
                                    [_actionKey:protected] => action
                                )

                        )

                )

            [7] => Array
                (
                    [file] => C:\xampp\htdocs\magento\app\code\core\Mage\Core\Model\App.php
                    [line] => 354
                    [function] => dispatch
                    [class] => Mage_Core_Controller_Varien_Front
                    [type] => ->
                    [args] => Array
                        (
                        )

                )

            [8] => Array
                (
                    [file] => C:\xampp\htdocs\magento\app\Mage.php
                    [line] => 683
                    [function] => run
                    [class] => Mage_Core_Model_App
                    [type] => ->
                    [args] => Array
                        (
                            [0] => Array
                                (
                                    [scope_code] => 
                                    [scope_type] => store
                                    [options] => Array
                                        (
                                        )

                                )

                        )

                )

            [9] => Array
                (
                    [file] => C:\xampp\htdocs\magento\index.php
                    [line] => 87
                    [function] => run
                    [class] => Mage
                    [type] => ::
                    [args] => Array
                        (
                            [0] => 
                            [1] => store
                        )

                )

        )

    [previous:Exception:private] => 
    [xdebug_message] => <tr><th align='left' bgcolor='#f57900' colspan="5"><span style='background-color: #cc0000; color: #fce94f; font-size: x-large;'>( ! )</span> Mage_Core_Exception: 无法从非管理员区域完成该操作。 in C:\xampp\htdocs\magento\app\Mage.php on line <i>594</i></th></tr>
<tr><th align='left' bgcolor='#e9b96e' colspan='5'>Call Stack</th></tr>
<tr><th align='center' bgcolor='#eeeeec'>#</th><th align='left' bgcolor='#eeeeec'>Time</th><th align='left' bgcolor='#eeeeec'>Memory</th><th align='left' bgcolor='#eeeeec'>Function</th><th align='left' bgcolor='#eeeeec'>Location</th></tr>
<tr><td bgcolor='#eeeeec' align='center'>1</td><td bgcolor='#eeeeec' align='center'>0.0030</td><td bgcolor='#eeeeec' align='right'>142096</td><td bgcolor='#eeeeec'>{main}(  )</td><td title='C:\xampp\htdocs\magento\index.php' bgcolor='#eeeeec'>..\index.php<b>:</b>0</td></tr>
<tr><td bgcolor='#eeeeec' align='center'>2</td><td bgcolor='#eeeeec' align='center'>0.0150</td><td bgcolor='#eeeeec' align='right'>353680</td><td bgcolor='#eeeeec'>Mage::run(  )</td><td title='C:\xampp\htdocs\magento\index.php' bgcolor='#eeeeec'>..\index.php<b>:</b>87</td></tr>
<tr><td bgcolor='#eeeeec' align='center'>3</td><td bgcolor='#eeeeec' align='center'>0.0360</td><td bgcolor='#eeeeec' align='right'>980760</td><td bgcolor='#eeeeec'>Mage_Core_Model_App->run(  )</td><td title='C:\xampp\htdocs\magento\app\Mage.php' bgcolor='#eeeeec'>..\Mage.php<b>:</b>683</td></tr>
<tr><td bgcolor='#eeeeec' align='center'>4</td><td bgcolor='#eeeeec' align='center'>11.0406</td><td bgcolor='#eeeeec' align='right'>6267312</td><td bgcolor='#eeeeec'>Mage_Core_Controller_Varien_Front->dispatch(  )</td><td title='C:\xampp\htdocs\magento\app\code\core\Mage\Core\Model\App.php' bgcolor='#eeeeec'>..\App.php<b>:</b>354</td></tr>
<tr><td bgcolor='#eeeeec' align='center'>5</td><td bgcolor='#eeeeec' align='center'>11.1216</td><td bgcolor='#eeeeec' align='right'>6962280</td><td bgcolor='#eeeeec'>Mage_Core_Controller_Varien_Router_Standard->match(  )</td><td title='C:\xampp\htdocs\magento\app\code\core\Mage\Core\Controller\Varien\Front.php' bgcolor='#eeeeec'>..\Front.php<b>:</b>172</td></tr>
<tr><td bgcolor='#eeeeec' align='center'>6</td><td bgcolor='#eeeeec' align='center'>11.1446</td><td bgcolor='#eeeeec' align='right'>7356040</td><td bgcolor='#eeeeec'>Mage_Core_Controller_Varien_Action->dispatch(  )</td><td title='C:\xampp\htdocs\magento\app\code\core\Mage\Core\Controller\Varien\Router\Standard.php' bgcolor='#eeeeec'>..\Standard.php<b>:</b>250</td></tr>
<tr><td bgcolor='#eeeeec' align='center'>7</td><td bgcolor='#eeeeec' align='center'>13.3908</td><td bgcolor='#eeeeec' align='right'>10527048</td><td bgcolor='#eeeeec'>Magento_Products_IndexController->getAction(  )</td><td title='C:\xampp\htdocs\magento\app\code\core\Mage\Core\Controller\Varien\Action.php' bgcolor='#eeeeec'>..\Action.php<b>:</b>418</td></tr>
<tr><td bgcolor='#eeeeec' align='center'>8</td><td bgcolor='#eeeeec' align='center'>13.4428</td><td bgcolor='#eeeeec' align='right'>11152120</td><td bgcolor='#eeeeec'>Mage_Core_Model_Abstract->delete(  )</td><td title='C:\xampp\htdocs\magento\app\code\local\Magento\Products\controllers\IndexController.php' bgcolor='#eeeeec'>..\IndexController.php<b>:</b>60</td></tr>

)

2015-09-24T08:17:13+00:00 DEBUG (7): receive products module.
2015-09-25T03:43:45+00:00 DEBUG (7): receive products module.
2015-09-25T03:50:08+00:00 DEBUG (7): receive products module.
2015-09-25T05:21:26+00:00 DEBUG (7): receive products module.
2015-09-28T02:12:06+00:00 DEBUG (7): receive products module.
2015-09-28T02:13:13+00:00 DEBUG (7): receive products module.
2015-09-28T02:14:04+00:00 DEBUG (7): receive products module.
2015-09-28T02:14:36+00:00 DEBUG (7): receive products module.
2015-09-28T02:16:21+00:00 DEBUG (7): receive products module.
2015-09-28T02:26:23+00:00 DEBUG (7): receive products module.
2015-09-28T02:33:20+00:00 DEBUG (7): receive products module.
2015-09-28T02:34:07+00:00 DEBUG (7): receive products module.
2015-09-28T07:00:37+00:00 ERR (3): Warning: Invalid argument supplied for foreach()  in C:\xampp\htdocs\magento\app\code\local\Vfeelit\RestConnect\Model\OAuth\Client.php on line 194
2015-09-28T09:37:32+00:00 DEBUG (7): receive products module.
2015-09-28T09:38:22+00:00 DEBUG (7): receive products module.
2015-09-28T09:39:00+00:00 DEBUG (7): receive products module.
2015-09-28T09:40:40+00:00 DEBUG (7): receive products module.
2015-09-28T09:41:02+00:00 DEBUG (7): receive products module.
2015-09-28T09:43:17+00:00 DEBUG (7): receive products module.
2015-09-28T09:54:27+00:00 DEBUG (7): receive customer module.
2015-09-29T02:25:22+00:00 DEBUG (7): receive customer module.
2015-09-29T02:30:27+00:00 DEBUG (7): receive customer module.
2015-09-29T02:33:42+00:00 DEBUG (7): receive customer module.
2015-09-29T02:33:43+00:00 DEBUG (7): Mage_Customer_Exception Object
(
    [_messages:protected] => Array
        (
        )

    [message:protected] => 需要客户邮件
    [string:Exception:private] => 
    [code:protected] => 0
    [file:protected] => C:\xampp\htdocs\magento\app\Mage.php
    [line:protected] => 579
    [trace:Exception:private] => Array
        (
            [0] => Array
                (
                    [file] => C:\xampp\htdocs\magento\app\code\core\Mage\Customer\Model\Resource\Customer.php
                    [line] => 76
                    [function] => exception
                    [class] => Mage
                    [type] => ::
                    [args] => Array
                        (
                            [0] => Mage_Customer
                            [1] => 需要客户邮件
                        )

                )

            [1] => Array
                (
                    [file] => C:\xampp\htdocs\magento\app\code\core\Mage\Eav\Model\Entity\Abstract.php
                    [line] => 1122
                    [function] => _beforeSave
                    [class] => Mage_Customer_Model_Resource_Customer
                    [type] => ->
                    [args] => Array
                        (
                            [0] => Mage_Customer_Model_Customer Object
                                (
                                    [_eventPrefix:protected] => customer
                                    [_eventObject:protected] => customer
                                    [_errors:protected] => Array
                                        (
                                        )

                                    [_attributes:protected] => 
                                    [_addresses:protected] => 
                                    [_addressesCollection:protected] => 
                                    [_isDeleteable:protected] => 1
                                    [_isReadonly:protected] => 
                                    [_cacheTag:protected] => customer
                                    [_resourceName:protected] => customer/customer
                                    [_resource:protected] => 
                                    [_resourceCollectionName:protected] => customer/customer_collection
                                    [_dataSaveAllowed:protected] => 1
                                    [_isObjectNew:protected] => 1
                                    [_data:protected] => Array
                                        (
                                            [group_id] => 1
                                            [entity_id] => 
                                            [firstname] => wanghe
                                            [lastname] => li
                                            [password] => 1qaz2wsx
                                            [password_hash] => 18f87e0de47f4aa1e9ff02e659a6f15b:RR6hiMw5q5EclLCKf326eLXgC4UbgwO6
                                            [phone] => 15532221111
                                            [store_id] => 1
                                            [entity_type_id] => 1
                                            [parent_id] => 0
                                            [created_at] => 2015-09-29 02:33:42
                                            [updated_at] => 2015-09-29 02:33:42
                                            [created_in] => Default Store View
                                            [website_id] => 1
                                            [disable_auto_group_change] => 0
                                        )

                                    [_hasDataChanges:protected] => 1
                                    [_origData:protected] => 
                                    [_idFieldName:protected] => entity_id
                                    [_isDeleted:protected] => 
                                    [_oldFieldsMap:protected] => Array
                                        (
                                        )

                                    [_syncFieldsMap:protected] => Array
                                        (
                                        )

                                )

                        )

                )

            [2] => Array
                (
                    [file] => C:\xampp\htdocs\magento\app\code\core\Mage\Core\Model\Abstract.php
                    [line] => 318
                    [function] => save
                    [class] => Mage_Eav_Model_Entity_Abstract
                    [type] => ->
                    [args] => Array
                        (
                            [0] => Mage_Customer_Model_Customer Object
                                (
                                    [_eventPrefix:protected] => customer
                                    [_eventObject:protected] => customer
                                    [_errors:protected] => Array
                                        (
                                        )

                                    [_attributes:protected] => 
                                    [_addresses:protected] => 
                                    [_addressesCollection:protected] => 
                                    [_isDeleteable:protected] => 1
                                    [_isReadonly:protected] => 
                                    [_cacheTag:protected] => customer
                                    [_resourceName:protected] => customer/customer
                                    [_resource:protected] => 
                                    [_resourceCollectionName:protected] => customer/customer_collection
                                    [_dataSaveAllowed:protected] => 1
                                    [_isObjectNew:protected] => 1
                                    [_data:protected] => Array
                                        (
                                            [group_id] => 1
                                            [entity_id] => 
                                            [firstname] => wanghe
                                            [lastname] => li
                                            [password] => 1qaz2wsx
                                            [password_hash] => 18f87e0de47f4aa1e9ff02e659a6f15b:RR6hiMw5q5EclLCKf326eLXgC4UbgwO6
                                            [phone] => 15532221111
                                            [store_id] => 1
                                            [entity_type_id] => 1
                                            [parent_id] => 0
                                            [created_at] => 2015-09-29 02:33:42
                                            [updated_at] => 2015-09-29 02:33:42
                                            [created_in] => Default Store View
                                            [website_id] => 1
                                            [disable_auto_group_change] => 0
                                        )

                                    [_hasDataChanges:protected] => 1
                                    [_origData:protected] => 
                                    [_idFieldName:protected] => entity_id
                                    [_isDeleted:protected] => 
                                    [_oldFieldsMap:protected] => Array
                                        (
                                        )

                                    [_syncFieldsMap:protected] => Array
                                        (
                                        )

                                )

                        )

                )

            [3] => Array
                (
                    [file] => C:\xampp\htdocs\magento\app\code\local\Magento\Products\controllers\IndexController.php
                    [line] => 96
                    [function] => save
                    [class] => Mage_Core_Model_Abstract
                    [type] => ->
                    [args] => Array
                        (
                        )

                )

            [4] => Array
                (
                    [file] => C:\xampp\htdocs\magento\app\code\core\Mage\Core\Controller\Varien\Action.php
                    [line] => 418
                    [function] => getAction
                    [class] => Magento_Products_IndexController
                    [type] => ->
                    [args] => Array
                        (
                        )

                )

            [5] => Array
                (
                    [file] => C:\xampp\htdocs\magento\app\code\core\Mage\Core\Controller\Varien\Router\Standard.php
                    [line] => 250
                    [function] => dispatch
                    [class] => Mage_Core_Controller_Varien_Action
                    [type] => ->
                    [args] => Array
                        (
                            [0] => get
                        )

                )

            [6] => Array
                (
                    [file] => C:\xampp\htdocs\magento\app\code\core\Mage\Core\Controller\Varien\Front.php
                    [line] => 172
                    [function] => match
                    [class] => Mage_Core_Controller_Varien_Router_Standard
                    [type] => ->
                    [args] => Array
                        (
                            [0] => Mage_Core_Controller_Request_Http Object
                                (
                                    [_originalPathInfo:protected] => /pro/index/get
                                    [_storeCode:protected] => 
                                    [_requestString:protected] => /pro/index/get
                                    [_rewritedPathInfo:protected] => 
                                    [_requestedRouteName:protected] => 
                                    [_routingInfo:protected] => Array
                                        (
                                        )

                                    [_route:protected] => products
                                    [_directFrontNames:protected] => 
                                    [_controllerModule:protected] => Magento_Products
                                    [_isStraight:protected] => 
                                    [_beforeForwardInfo:protected] => Array
                                        (
                                        )

                                    [_paramSources:protected] => Array
                                        (
                                            [0] => _GET
                                            [1] => _POST
                                        )

                                    [_requestUri:protected] => /index.php/pro/index/get
                                    [_baseUrl:protected] => /index.php
                                    [_basePath:protected] => 
                                    [_pathInfo:protected] => /pro/index/get
                                    [_params:protected] => Array
                                        (
                                        )

                                    [_rawBody:protected] => 
                                    [_aliases:protected] => Array
                                        (
                                        )

                                    [_dispatched:protected] => 1
                                    [_module:protected] => pro
                                    [_moduleKey:protected] => module
                                    [_controller:protected] => index
                                    [_controllerKey:protected] => controller
                                    [_action:protected] => get
                                    [_actionKey:protected] => action
                                )

                        )

                )

            [7] => Array
                (
                    [file] => C:\xampp\htdocs\magento\app\code\core\Mage\Core\Model\App.php
                    [line] => 354
                    [function] => dispatch
                    [class] => Mage_Core_Controller_Varien_Front
                    [type] => ->
                    [args] => Array
                        (
                        )

                )

            [8] => Array
                (
                    [file] => C:\xampp\htdocs\magento\app\Mage.php
                    [line] => 683
                    [function] => run
                    [class] => Mage_Core_Model_App
                    [type] => ->
                    [args] => Array
                        (
                            [0] => Array
                                (
                                    [scope_code] => 
                                    [scope_type] => store
                                    [options] => Array
                                        (
                                        )

                                )

                        )

                )

            [9] => Array
                (
                    [file] => C:\xampp\htdocs\magento\index.php
                    [line] => 87
                    [function] => run
                    [class] => Mage
                    [type] => ::
                    [args] => Array
                        (
                            [0] => 
                            [1] => store
                        )

                )

        )

    [previous:Exception:private] => 
    [xdebug_message] => <tr><th align='left' bgcolor='#f57900' colspan="5"><span style='background-color: #cc0000; color: #fce94f; font-size: x-large;'>( ! )</span> Mage_Customer_Exception: 需要客户邮件 in C:\xampp\htdocs\magento\app\Mage.php on line <i>579</i></th></tr>
<tr><th align='left' bgcolor='#e9b96e' colspan='5'>Call Stack</th></tr>
<tr><th align='center' bgcolor='#eeeeec'>#</th><th align='left' bgcolor='#eeeeec'>Time</th><th align='left' bgcolor='#eeeeec'>Memory</th><th align='left' bgcolor='#eeeeec'>Function</th><th align='left' bgcolor='#eeeeec'>Location</th></tr>
<tr><td bgcolor='#eeeeec' align='center'>1</td><td bgcolor='#eeeeec' align='center'>0.0020</td><td bgcolor='#eeeeec' align='right'>142096</td><td bgcolor='#eeeeec'>{main}(  )</td><td title='C:\xampp\htdocs\magento\index.php' bgcolor='#eeeeec'>..\index.php<b>:</b>0</td></tr>
<tr><td bgcolor='#eeeeec' align='center'>2</td><td bgcolor='#eeeeec' align='center'>0.0290</td><td bgcolor='#eeeeec' align='right'>353680</td><td bgcolor='#eeeeec'>Mage::run(  )</td><td title='C:\xampp\htdocs\magento\index.php' bgcolor='#eeeeec'>..\index.php<b>:</b>87</td></tr>
<tr><td bgcolor='#eeeeec' align='center'>3</td><td bgcolor='#eeeeec' align='center'>0.0600</td><td bgcolor='#eeeeec' align='right'>980760</td><td bgcolor='#eeeeec'>Mage_Core_Model_App->run(  )</td><td title='C:\xampp\htdocs\magento\app\Mage.php' bgcolor='#eeeeec'>..\Mage.php<b>:</b>683</td></tr>
<tr><td bgcolor='#eeeeec' align='center'>4</td><td bgcolor='#eeeeec' align='center'>8.9555</td><td bgcolor='#eeeeec' align='right'>6314704</td><td bgcolor='#eeeeec'>Mage_Core_Controller_Varien_Front->dispatch(  )</td><td title='C:\xampp\htdocs\magento\app\code\core\Mage\Core\Model\App.php' bgcolor='#eeeeec'>..\App.php<b>:</b>354</td></tr>
<tr><td bgcolor='#eeeeec' align='center'>5</td><td bgcolor='#eeeeec' align='center'>9.0285</td><td bgcolor='#eeeeec' align='right'>7009712</td><td bgcolor='#eeeeec'>Mage_Core_Controller_Varien_Router_Standard->match(  )</td><td title='C:\xampp\htdocs\magento\app\code\core\Mage\Core\Controller\Varien\Front.php' bgcolor='#eeeeec'>..\Front.php<b>:</b>172</td></tr>
<tr><td bgcolor='#eeeeec' align='center'>6</td><td bgcolor='#eeeeec' align='center'>9.0505</td><td bgcolor='#eeeeec' align='right'>7420576</td><td bgcolor='#eeeeec'>Mage_Core_Controller_Varien_Action->dispatch(  )</td><td title='C:\xampp\htdocs\magento\app\code\core\Mage\Core\Controller\Varien\Router\Standard.php' bgcolor='#eeeeec'>..\Standard.php<b>:</b>250</td></tr>
<tr><td bgcolor='#eeeeec' align='center'>7</td><td bgcolor='#eeeeec' align='center'>11.0826</td><td bgcolor='#eeeeec' align='right'>10612280</td><td bgcolor='#eeeeec'>Magento_Products_IndexController->getAction(  )</td><td title='C:\xampp\htdocs\magento\app\code\core\Mage\Core\Controller\Varien\Action.php' bgcolor='#eeeeec'>..\Action.php<b>:</b>418</td></tr>
<tr><td bgcolor='#eeeeec' align='center'>8</td><td bgcolor='#eeeeec' align='center'>11.1426</td><td bgcolor='#eeeeec' align='right'>11465904</td><td bgcolor='#eeeeec'>Mage_Core_Model_Abstract->save(  )</td><td title='C:\xampp\htdocs\magento\app\code\local\Magento\Products\controllers\IndexController.php' bgcolor='#eeeeec'>..\IndexController.php<b>:</b>96</td></tr>

)

2015-09-29T02:38:35+00:00 DEBUG (7): receive customer module.
2015-09-29T02:41:36+00:00 DEBUG (7): receive customer module.
2015-10-08T06:18:27+00:00 DEBUG (7): receive sign action.
2015-10-08T06:19:03+00:00 DEBUG (7): receive sign action.
2015-10-08T06:20:04+00:00 DEBUG (7): receive sign action.
2015-10-08T06:20:31+00:00 DEBUG (7): receive sign action.
2015-10-08T06:21:40+00:00 DEBUG (7): receive sign action.
2015-10-08T06:22:02+00:00 DEBUG (7): receive sign action.
2015-10-08T06:25:57+00:00 DEBUG (7): receive sign action.
2015-10-08T06:26:41+00:00 DEBUG (7): receive sign action.
2015-10-08T06:26:41+00:00 ERR (3): Notice: Undefined index: phone  in C:\xampp\htdocs\magento\app\code\local\App\Api\controllers\ApiController.php on line 52
2015-10-08T06:33:58+00:00 DEBUG (7): receive sign action.
2015-10-08T06:33:59+00:00 ERR (3): Warning: Missing argument 1 for Mage_Core_Model_Abstract::load(), called in C:\xampp\htdocs\magento\app\code\local\App\Api\controllers\ApiController.php on line 55 and defined  in C:\xampp\htdocs\magento\app\code\core\Mage\Core\Model\Abstract.php on line 222
2015-10-08T06:33:59+00:00 ERR (3): Notice: Undefined variable: id  in C:\xampp\htdocs\magento\app\code\core\Mage\Core\Model\Abstract.php on line 224
2015-10-08T06:33:59+00:00 ERR (3): Notice: Undefined variable: id  in C:\xampp\htdocs\magento\app\code\core\Mage\Core\Model\Abstract.php on line 225
2015-10-08T06:34:24+00:00 DEBUG (7): receive sign action.
2015-10-08T06:34:25+00:00 ERR (3): Warning: Missing argument 1 for Mage_Core_Model_Abstract::load(), called in C:\xampp\htdocs\magento\app\code\local\App\Api\controllers\ApiController.php on line 55 and defined  in C:\xampp\htdocs\magento\app\code\core\Mage\Core\Model\Abstract.php on line 222
2015-10-08T06:34:25+00:00 ERR (3): Notice: Undefined variable: id  in C:\xampp\htdocs\magento\app\code\core\Mage\Core\Model\Abstract.php on line 224
2015-10-08T06:34:25+00:00 ERR (3): Notice: Undefined variable: id  in C:\xampp\htdocs\magento\app\code\core\Mage\Core\Model\Abstract.php on line 225
2015-10-08T06:35:17+00:00 DEBUG (7): receive sign action.
2015-10-08T06:35:17+00:00 ERR (3): Warning: Missing argument 1 for Mage_Core_Model_Abstract::load(), called in C:\xampp\htdocs\magento\app\code\local\App\Api\controllers\ApiController.php on line 55 and defined  in C:\xampp\htdocs\magento\app\code\core\Mage\Core\Model\Abstract.php on line 222
2015-10-08T06:35:17+00:00 ERR (3): Notice: Undefined variable: id  in C:\xampp\htdocs\magento\app\code\core\Mage\Core\Model\Abstract.php on line 224
2015-10-08T06:35:17+00:00 ERR (3): Notice: Undefined variable: id  in C:\xampp\htdocs\magento\app\code\core\Mage\Core\Model\Abstract.php on line 225
2015-10-08T06:41:37+00:00 DEBUG (7): receive sign action.
2015-10-08T06:41:38+00:00 ERR (3): Warning: Missing argument 1 for Mage_Core_Model_Abstract::load(), called in C:\xampp\htdocs\magento\app\code\local\App\Api\controllers\ApiController.php on line 56 and defined  in C:\xampp\htdocs\magento\app\code\core\Mage\Core\Model\Abstract.php on line 222
2015-10-08T06:41:38+00:00 ERR (3): Notice: Undefined variable: id  in C:\xampp\htdocs\magento\app\code\core\Mage\Core\Model\Abstract.php on line 224
2015-10-08T06:41:38+00:00 ERR (3): Notice: Undefined variable: id  in C:\xampp\htdocs\magento\app\code\core\Mage\Core\Model\Abstract.php on line 225
2015-10-08T06:41:41+00:00 DEBUG (7): HEADERS ALREADY SENT: <pre>[0] C:\xampp\htdocs\magento\app\code\core\Mage\Core\Controller\Response\Http.php:52
[1] C:\xampp\htdocs\magento\lib\Zend\Controller\Response\Abstract.php:766
[2] C:\xampp\htdocs\magento\app\code\core\Mage\Core\Controller\Response\Http.php:83
[3] C:\xampp\htdocs\magento\app\code\core\Mage\Core\Controller\Varien\Front.php:184
[4] C:\xampp\htdocs\magento\app\code\core\Mage\Core\Model\App.php:354
[5] C:\xampp\htdocs\magento\app\Mage.php:683
[6] C:\xampp\htdocs\magento\index.php:87
</pre>
2015-10-08T06:42:18+00:00 DEBUG (7): receive sign action.
2015-10-08T06:42:18+00:00 ERR (3): Warning: Missing argument 1 for Mage_Core_Model_Abstract::load(), called in C:\xampp\htdocs\magento\app\code\local\App\Api\controllers\ApiController.php on line 56 and defined  in C:\xampp\htdocs\magento\app\code\core\Mage\Core\Model\Abstract.php on line 222
2015-10-08T06:42:18+00:00 ERR (3): Notice: Undefined variable: id  in C:\xampp\htdocs\magento\app\code\core\Mage\Core\Model\Abstract.php on line 224
2015-10-08T06:42:18+00:00 ERR (3): Notice: Undefined variable: id  in C:\xampp\htdocs\magento\app\code\core\Mage\Core\Model\Abstract.php on line 225
2015-10-08T06:42:42+00:00 DEBUG (7): receive sign action.
2015-10-08T06:42:42+00:00 ERR (3): Warning: Missing argument 1 for Mage_Core_Model_Abstract::load(), called in C:\xampp\htdocs\magento\app\code\local\App\Api\controllers\ApiController.php on line 56 and defined  in C:\xampp\htdocs\magento\app\code\core\Mage\Core\Model\Abstract.php on line 222
2015-10-08T06:42:42+00:00 ERR (3): Notice: Undefined variable: id  in C:\xampp\htdocs\magento\app\code\core\Mage\Core\Model\Abstract.php on line 224
2015-10-08T06:42:42+00:00 ERR (3): Notice: Undefined variable: id  in C:\xampp\htdocs\magento\app\code\core\Mage\Core\Model\Abstract.php on line 225
2015-10-08T07:36:05+00:00 DEBUG (7): receive sign action.
2015-10-08T07:36:05+00:00 ERR (3): Warning: Missing argument 1 for Mage_Core_Model_Abstract::load(), called in C:\xampp\htdocs\magento\app\code\local\App\Api\controllers\ApiController.php on line 57 and defined  in C:\xampp\htdocs\magento\app\code\core\Mage\Core\Model\Abstract.php on line 222
2015-10-08T07:36:05+00:00 ERR (3): Notice: Undefined variable: id  in C:\xampp\htdocs\magento\app\code\core\Mage\Core\Model\Abstract.php on line 224
2015-10-08T07:36:05+00:00 ERR (3): Notice: Undefined variable: id  in C:\xampp\htdocs\magento\app\code\core\Mage\Core\Model\Abstract.php on line 225
2015-10-08T07:38:11+00:00 DEBUG (7): receive sign action.
2015-10-08T07:38:11+00:00 ERR (3): Warning: Missing argument 1 for Mage_Core_Model_Abstract::load(), called in C:\xampp\htdocs\magento\app\code\local\App\Api\controllers\ApiController.php on line 57 and defined  in C:\xampp\htdocs\magento\app\code\core\Mage\Core\Model\Abstract.php on line 222
2015-10-08T07:38:11+00:00 ERR (3): Notice: Undefined variable: id  in C:\xampp\htdocs\magento\app\code\core\Mage\Core\Model\Abstract.php on line 224
2015-10-08T07:38:11+00:00 ERR (3): Notice: Undefined variable: id  in C:\xampp\htdocs\magento\app\code\core\Mage\Core\Model\Abstract.php on line 225
2015-10-08T07:42:57+00:00 DEBUG (7): receive sign action.
2015-10-08T08:43:47+00:00 DEBUG (7): receive list products action
2015-10-08T08:44:14+00:00 DEBUG (7): receive list products action
2015-10-08T08:44:18+00:00 DEBUG (7): HEADERS ALREADY SENT: <pre>[0] C:\xampp\htdocs\magento\app\code\core\Mage\Core\Controller\Response\Http.php:52
[1] C:\xampp\htdocs\magento\lib\Zend\Controller\Response\Abstract.php:766
[2] C:\xampp\htdocs\magento\app\code\core\Mage\Core\Controller\Response\Http.php:83
[3] C:\xampp\htdocs\magento\app\code\core\Mage\Core\Controller\Varien\Front.php:184
[4] C:\xampp\htdocs\magento\app\code\core\Mage\Core\Model\App.php:354
[5] C:\xampp\htdocs\magento\app\Mage.php:683
[6] C:\xampp\htdocs\magento\index.php:87
</pre>
2015-10-08T08:45:54+00:00 DEBUG (7): receive list products action
2015-10-08T08:45:55+00:00 DEBUG (7): HEADERS ALREADY SENT: <pre>[0] C:\xampp\htdocs\magento\app\code\core\Mage\Core\Controller\Response\Http.php:52
[1] C:\xampp\htdocs\magento\lib\Zend\Controller\Response\Abstract.php:766
[2] C:\xampp\htdocs\magento\app\code\core\Mage\Core\Controller\Response\Http.php:83
[3] C:\xampp\htdocs\magento\app\code\core\Mage\Core\Controller\Varien\Front.php:184
[4] C:\xampp\htdocs\magento\app\code\core\Mage\Core\Model\App.php:354
[5] C:\xampp\htdocs\magento\app\Mage.php:683
[6] C:\xampp\htdocs\magento\index.php:87
</pre>
2015-10-08T09:15:59+00:00 DEBUG (7): receive list products action
2015-10-08T09:15:59+00:00 DEBUG (7): get customer id is :
2015-10-08T09:17:04+00:00 DEBUG (7): receive list products action
2015-10-08T09:17:04+00:00 DEBUG (7): get customer id is :
2015-10-08T09:18:00+00:00 DEBUG (7): receive list products action
2015-10-08T09:18:00+00:00 DEBUG (7): get customer id is :
2015-10-08T09:23:55+00:00 DEBUG (7): receive list products action
2015-10-08T09:23:55+00:00 DEBUG (7): get customer id is :
2015-10-08T09:44:40+00:00 DEBUG (7): receive product info action.
2015-10-08T09:45:11+00:00 DEBUG (7): receive product info action.
2015-10-08T09:46:00+00:00 DEBUG (7): receive product info action.
2015-10-08T09:48:27+00:00 DEBUG (7): receive product info action.
2015-10-08T09:54:07+00:00 DEBUG (7): receive list category action.
2015-10-08T09:54:50+00:00 DEBUG (7): receive list category action.
2015-10-08T09:56:08+00:00 DEBUG (7): receive list category action.
2015-10-08T09:56:33+00:00 DEBUG (7): receive list category action.
2015-10-09T02:00:11+00:00 DEBUG (7): receive order list action.
2015-10-09T02:00:11+00:00 DEBUG (7): get customer id is :1
2015-10-09T02:01:25+00:00 DEBUG (7): receive order list action.
2015-10-09T02:01:25+00:00 DEBUG (7): get customer id is :1
2015-10-09T02:03:30+00:00 DEBUG (7): receive order list action.
2015-10-09T02:03:30+00:00 DEBUG (7): get customer id is :2
2015-10-09T02:04:01+00:00 DEBUG (7): receive order list action.
2015-10-09T02:04:01+00:00 DEBUG (7): get customer id is :2
2015-10-09T02:04:20+00:00 DEBUG (7): receive order list action.
2015-10-09T02:04:20+00:00 DEBUG (7): get customer id is :1
2015-10-09T02:05:39+00:00 DEBUG (7): receive order list action.
2015-10-09T02:05:39+00:00 DEBUG (7): get customer id is :1
2015-10-09T02:06:28+00:00 DEBUG (7): receive order list action.
2015-10-09T02:06:28+00:00 DEBUG (7): get customer id is :1
2015-10-09T02:22:19+00:00 DEBUG (7): receive order list action.
2015-10-09T02:22:19+00:00 DEBUG (7): get customer id is :1
2015-10-09T02:23:41+00:00 DEBUG (7): receive order list action.
2015-10-09T02:23:41+00:00 DEBUG (7): get customer id is :1
2015-10-09T02:24:15+00:00 DEBUG (7): receive order list action.
2015-10-09T02:24:15+00:00 DEBUG (7): get customer id is :1
2015-10-09T02:28:44+00:00 DEBUG (7): receive order list action.
2015-10-09T02:28:44+00:00 DEBUG (7): get customer id is :2
2015-10-09T02:28:44+00:00 ERR (3): Notice: Undefined variable: arr  in C:\xampp\htdocs\magento\app\code\local\App\Api\controllers\ApiController.php on line 294
2015-10-09T02:29:35+00:00 DEBUG (7): receive order list action.
2015-10-09T02:29:35+00:00 DEBUG (7): get customer id is :2
2015-10-09T02:35:31+00:00 DEBUG (7): receive order list action.
2015-10-09T02:35:31+00:00 DEBUG (7): get customer id is :2
2015-10-09T02:35:59+00:00 DEBUG (7): receive order list action.
2015-10-09T02:36:00+00:00 DEBUG (7): get customer id is :2
2015-10-09T02:42:59+00:00 DEBUG (7): receive order list action.
2015-10-09T02:42:59+00:00 DEBUG (7): get customer id is :2
2015-10-09T06:29:39+00:00 DEBUG (7): receive order info action.
2015-10-09T06:32:28+00:00 DEBUG (7): receive order info action.
2015-10-09T06:33:03+00:00 DEBUG (7): receive order info action.
2015-10-09T06:47:21+00:00 DEBUG (7): receive order info action.
2015-10-09T06:48:58+00:00 DEBUG (7): receive order info action.
2015-10-09T06:51:16+00:00 DEBUG (7): receive order info action.
2015-10-09T07:10:35+00:00 DEBUG (7): receive order info action.
2015-10-09T07:33:42+00:00 DEBUG (7): receive order info action.
2015-10-09T07:37:54+00:00 DEBUG (7): receive order info action.
2015-10-09T07:38:19+00:00 DEBUG (7): receive order info action.
2015-10-09T07:38:47+00:00 DEBUG (7): receive order info action.
2015-10-09T07:52:15+00:00 DEBUG (7): receive order info action.
2015-10-09T07:55:42+00:00 DEBUG (7): receive order info action.
2015-10-09T08:07:38+00:00 DEBUG (7): receive order info action.
2015-10-09T08:11:09+00:00 DEBUG (7): receive order info action.
2015-10-09T08:21:59+00:00 DEBUG (7): receive order info action.
2015-10-09T08:24:46+00:00 DEBUG (7): receive order info action.
2015-10-09T08:26:08+00:00 DEBUG (7): receive order info action.
2015-10-09T08:27:39+00:00 DEBUG (7): receive order info action.
2015-10-09T08:28:18+00:00 DEBUG (7): receive order info action.
2015-10-09T08:47:19+00:00 DEBUG (7): receive order info action.
2015-10-09T08:57:58+00:00 DEBUG (7): receive cancel order action.
2015-10-10T02:25:34+00:00 DEBUG (7): receive sign action.
2015-10-10T02:25:36+00:00 ERR (3): Warning: Missing argument 1 for Mage_Core_Model_Abstract::load(), called in C:\xampp\htdocs\magento\app\code\local\App\Api\controllers\ApiController.php on line 106 and defined  in C:\xampp\htdocs\magento\app\code\core\Mage\Core\Model\Abstract.php on line 222
2015-10-10T02:25:36+00:00 ERR (3): Notice: Undefined variable: id  in C:\xampp\htdocs\magento\app\code\core\Mage\Core\Model\Abstract.php on line 224
2015-10-10T02:25:36+00:00 ERR (3): Notice: Undefined variable: id  in C:\xampp\htdocs\magento\app\code\core\Mage\Core\Model\Abstract.php on line 225
2015-10-10T02:28:24+00:00 DEBUG (7): receive sign action.
2015-10-10T02:28:24+00:00 ERR (3): Warning: Missing argument 1 for Mage_Core_Model_Abstract::load(), called in C:\xampp\htdocs\magento\app\code\local\App\Api\controllers\ApiController.php on line 107 and defined  in C:\xampp\htdocs\magento\app\code\core\Mage\Core\Model\Abstract.php on line 222
2015-10-10T02:28:24+00:00 ERR (3): Notice: Undefined variable: id  in C:\xampp\htdocs\magento\app\code\core\Mage\Core\Model\Abstract.php on line 224
2015-10-10T02:28:24+00:00 ERR (3): Notice: Undefined variable: id  in C:\xampp\htdocs\magento\app\code\core\Mage\Core\Model\Abstract.php on line 225
2015-10-10T02:32:12+00:00 DEBUG (7): receive sign action.
2015-10-10T02:32:12+00:00 ERR (3): Warning: Missing argument 1 for Mage_Core_Model_Abstract::load(), called in C:\xampp\htdocs\magento\app\code\local\App\Api\controllers\ApiController.php on line 107 and defined  in C:\xampp\htdocs\magento\app\code\core\Mage\Core\Model\Abstract.php on line 222
2015-10-10T02:32:12+00:00 ERR (3): Notice: Undefined variable: id  in C:\xampp\htdocs\magento\app\code\core\Mage\Core\Model\Abstract.php on line 224
2015-10-10T02:32:12+00:00 ERR (3): Notice: Undefined variable: id  in C:\xampp\htdocs\magento\app\code\core\Mage\Core\Model\Abstract.php on line 225
2015-10-10T02:36:02+00:00 DEBUG (7): receive sign action.
2015-10-10T02:37:56+00:00 DEBUG (7): receive sign action.
2015-10-10T02:39:11+00:00 DEBUG (7): receive sign action.
2015-10-10T02:40:21+00:00 DEBUG (7): receive sign action.
2015-10-10T02:41:04+00:00 DEBUG (7): receive sign action.
2015-10-10T02:45:01+00:00 DEBUG (7): receive sign action.
2015-10-10T02:45:01+00:00 ERR (3): Warning: Missing argument 1 for Mage_Core_Model_Abstract::load(), called in C:\xampp\htdocs\magento\app\code\local\App\Api\controllers\ApiController.php on line 106 and defined  in C:\xampp\htdocs\magento\app\code\core\Mage\Core\Model\Abstract.php on line 222
2015-10-10T02:45:01+00:00 ERR (3): Notice: Undefined variable: id  in C:\xampp\htdocs\magento\app\code\core\Mage\Core\Model\Abstract.php on line 224
2015-10-10T02:45:01+00:00 ERR (3): Notice: Undefined variable: id  in C:\xampp\htdocs\magento\app\code\core\Mage\Core\Model\Abstract.php on line 225
2015-10-10T02:45:53+00:00 DEBUG (7): receive sign action.
2015-10-10T02:45:53+00:00 ERR (3): Warning: Missing argument 1 for Mage_Core_Model_Abstract::load(), called in C:\xampp\htdocs\magento\app\code\local\App\Api\controllers\ApiController.php on line 106 and defined  in C:\xampp\htdocs\magento\app\code\core\Mage\Core\Model\Abstract.php on line 222
2015-10-10T02:45:53+00:00 ERR (3): Notice: Undefined variable: id  in C:\xampp\htdocs\magento\app\code\core\Mage\Core\Model\Abstract.php on line 224
2015-10-10T02:45:53+00:00 ERR (3): Notice: Undefined variable: id  in C:\xampp\htdocs\magento\app\code\core\Mage\Core\Model\Abstract.php on line 225
2015-10-10T02:48:30+00:00 DEBUG (7): receive sign action.
2015-10-10T02:48:30+00:00 ERR (3): Warning: Missing argument 1 for Mage_Core_Model_Abstract::load(), called in C:\xampp\htdocs\magento\app\code\local\App\Api\controllers\ApiController.php on line 106 and defined  in C:\xampp\htdocs\magento\app\code\core\Mage\Core\Model\Abstract.php on line 222
2015-10-10T02:48:30+00:00 ERR (3): Notice: Undefined variable: id  in C:\xampp\htdocs\magento\app\code\core\Mage\Core\Model\Abstract.php on line 224
2015-10-10T02:48:30+00:00 ERR (3): Notice: Undefined variable: id  in C:\xampp\htdocs\magento\app\code\core\Mage\Core\Model\Abstract.php on line 225
2015-10-10T02:50:40+00:00 DEBUG (7): receive sign action.
2015-10-10T02:50:40+00:00 ERR (3): Warning: Missing argument 1 for Mage_Core_Model_Abstract::load(), called in C:\xampp\htdocs\magento\app\code\local\App\Api\controllers\ApiController.php on line 106 and defined  in C:\xampp\htdocs\magento\app\code\core\Mage\Core\Model\Abstract.php on line 222
2015-10-10T02:50:40+00:00 ERR (3): Notice: Undefined variable: id  in C:\xampp\htdocs\magento\app\code\core\Mage\Core\Model\Abstract.php on line 224
2015-10-10T02:50:40+00:00 ERR (3): Notice: Undefined variable: id  in C:\xampp\htdocs\magento\app\code\core\Mage\Core\Model\Abstract.php on line 225
2015-10-10T02:58:45+00:00 DEBUG (7): receive sign action.
2015-10-10T02:58:45+00:00 ERR (3): Warning: Missing argument 1 for Mage_Core_Model_Abstract::load(), called in C:\xampp\htdocs\magento\app\code\local\App\Api\controllers\ApiController.php on line 106 and defined  in C:\xampp\htdocs\magento\app\code\core\Mage\Core\Model\Abstract.php on line 222
2015-10-10T02:58:45+00:00 ERR (3): Notice: Undefined variable: id  in C:\xampp\htdocs\magento\app\code\core\Mage\Core\Model\Abstract.php on line 224
2015-10-10T02:58:45+00:00 ERR (3): Notice: Undefined variable: id  in C:\xampp\htdocs\magento\app\code\core\Mage\Core\Model\Abstract.php on line 225
2015-10-10T03:02:21+00:00 DEBUG (7): receive sign action.
2015-10-10T03:08:46+00:00 DEBUG (7): receive sign action.
2015-10-10T03:10:48+00:00 DEBUG (7): receive sign action.
2015-10-10T03:13:04+00:00 DEBUG (7): receive sign action.
2015-10-10T03:19:38+00:00 DEBUG (7): receive sign action.
2015-10-10T03:19:42+00:00 DEBUG (7): HEADERS ALREADY SENT: <pre>[0] C:\xampp\htdocs\magento\app\code\core\Mage\Core\Controller\Response\Http.php:52
[1] C:\xampp\htdocs\magento\lib\Zend\Controller\Response\Abstract.php:766
[2] C:\xampp\htdocs\magento\app\code\core\Mage\Core\Controller\Response\Http.php:83
[3] C:\xampp\htdocs\magento\app\code\core\Mage\Core\Controller\Varien\Front.php:184
[4] C:\xampp\htdocs\magento\app\code\core\Mage\Core\Model\App.php:354
[5] C:\xampp\htdocs\magento\app\Mage.php:683
[6] C:\xampp\htdocs\magento\index.php:87
</pre>
2015-10-10T03:22:10+00:00 DEBUG (7): receive sign action.
2015-10-10T05:56:58+00:00 DEBUG (7): receive sign action.
2015-10-10T06:04:22+00:00 DEBUG (7): receive login action
2015-10-10T06:05:13+00:00 DEBUG (7): receive login action
2015-10-10T06:22:16+00:00 DEBUG (7): receive login action
2015-10-10T06:24:31+00:00 DEBUG (7): receive login action
2015-10-10T06:25:05+00:00 DEBUG (7): receive login action
2015-10-10T06:28:12+00:00 DEBUG (7): receive login action
2015-10-10T06:28:15+00:00 DEBUG (7): HEADERS ALREADY SENT: <pre>[0] C:\xampp\htdocs\magento\app\code\core\Mage\Core\Controller\Response\Http.php:52
[1] C:\xampp\htdocs\magento\lib\Zend\Controller\Response\Abstract.php:766
[2] C:\xampp\htdocs\magento\app\code\core\Mage\Core\Controller\Response\Http.php:83
[3] C:\xampp\htdocs\magento\app\code\core\Mage\Core\Controller\Varien\Front.php:184
[4] C:\xampp\htdocs\magento\app\code\core\Mage\Core\Model\App.php:354
[5] C:\xampp\htdocs\magento\app\Mage.php:683
[6] C:\xampp\htdocs\magento\index.php:87
</pre>
2015-10-10T06:29:01+00:00 DEBUG (7): receive logout action.
2015-10-10T06:29:28+00:00 DEBUG (7): receive login action
2015-10-10T06:30:55+00:00 DEBUG (7): receive logout action.
2015-10-10T06:33:21+00:00 DEBUG (7): receive login action
2015-10-10T06:41:18+00:00 DEBUG (7): receive logout action.
2015-10-10T06:41:34+00:00 DEBUG (7): receive login action
2015-10-10T06:42:13+00:00 DEBUG (7): receive login action
2015-10-10T07:15:32+00:00 DEBUG (7): receive change password action.
2015-10-10T07:15:32+00:00 DEBUG (7): get customerId is :1
2015-10-10T07:15:33+00:00 ERR (3): Notice: Array to string conversion  in C:\xampp\htdocs\magento\app\code\core\Mage\Core\Model\Encryption.php on line 74
2015-10-10T07:15:33+00:00 ERR (3): Warning: trim() expects parameter 1 to be string, array given  in C:\xampp\htdocs\magento\app\code\core\Mage\Customer\Model\Customer\Attribute\Backend\Password.php on line 43
2015-10-10T07:16:28+00:00 DEBUG (7): receive logout action.
2015-10-10T07:22:19+00:00 DEBUG (7): receive change password action.
2015-10-10T07:22:19+00:00 DEBUG (7): get customerId is :
2015-10-10T07:22:19+00:00 ERR (3): Notice: Array to string conversion  in C:\xampp\htdocs\magento\app\code\local\App\Api\controllers\ApiController.php on line 173
2015-10-10T07:22:19+00:00 DEBUG (7): get password is :Array
2015-10-10T07:23:06+00:00 DEBUG (7): receive change password action.
2015-10-10T07:23:06+00:00 DEBUG (7): get customerId is :
2015-10-10T07:23:06+00:00 DEBUG (7): get password is :1qaz!QAZ
2015-10-10T07:23:34+00:00 DEBUG (7): receive change password action.
2015-10-10T07:23:34+00:00 DEBUG (7): get customerId is :
2015-10-10T07:23:34+00:00 DEBUG (7): get password is :1qaz!QAZ
2015-10-10T07:27:02+00:00 DEBUG (7): receive change password action.
2015-10-10T07:27:02+00:00 DEBUG (7): get customerId is :2
2015-10-10T07:27:02+00:00 DEBUG (7): get password is :1qaz!QAZ
2015-10-10T07:27:36+00:00 DEBUG (7): receive logout action.
2015-10-12T02:29:46+00:00 DEBUG (7): receive cart action.
2015-10-12T02:30:49+00:00 DEBUG (7): receive cart action.
2015-10-12T02:40:08+00:00 DEBUG (7): receive cart action.
2015-10-12T02:42:35+00:00 DEBUG (7): receive cart action.
2015-10-12T02:43:54+00:00 DEBUG (7): receive cart action.
2015-10-12T02:44:21+00:00 DEBUG (7): receive cart action.
2015-10-12T03:25:31+00:00 DEBUG (7): receive cart action.
2015-10-12T03:28:51+00:00 DEBUG (7): receive cart action.
2015-10-12T03:29:55+00:00 DEBUG (7): receive cart action.
2015-10-12T06:03:03+00:00 DEBUG (7): receive customer address action.
2015-10-12T06:05:04+00:00 DEBUG (7): receive customer address action.
2015-10-12T06:06:18+00:00 DEBUG (7): receive customer address action.
2015-10-12T06:09:57+00:00 DEBUG (7): receive customer address action.
2015-10-19T05:47:22+00:00 DEBUG (7): receive list products action
2015-10-19T05:50:51+00:00 DEBUG (7): receive list products action
2015-10-19T05:50:51+00:00 DEBUG (7): get customer id is :2
2015-10-19T05:52:22+00:00 DEBUG (7): receive list products action
2015-10-19T05:52:22+00:00 DEBUG (7): get customer id is :2
2015-10-19T06:29:06+00:00 DEBUG (7): receive add cart action.
2015-10-19T06:30:11+00:00 DEBUG (7): receive add cart action.
2015-10-19T06:31:31+00:00 DEBUG (7): receive list products action
2015-10-19T06:31:31+00:00 DEBUG (7): get customer id is :2
2015-10-19T06:31:58+00:00 DEBUG (7): receive add cart action.
2015-10-19T06:33:39+00:00 DEBUG (7): receive add cart action.
2015-10-19T06:35:50+00:00 DEBUG (7): receive list products action
2015-10-19T06:35:50+00:00 DEBUG (7): get customer id is :2
2015-10-19T06:36:07+00:00 DEBUG (7): receive add cart action.
2015-10-19T06:41:05+00:00 DEBUG (7): receive list products action
2015-10-19T06:41:05+00:00 DEBUG (7): get customer id is :2
2015-10-19T06:41:25+00:00 DEBUG (7): receive cart action.
2015-10-19T06:53:49+00:00 DEBUG (7): receive add cart action.
2015-10-19T07:03:09+00:00 DEBUG (7): receive add cart action.
2015-10-19T07:03:38+00:00 DEBUG (7): receive cart action.
2015-10-19T07:04:17+00:00 DEBUG (7): receive add cart action.
2015-10-19T07:04:20+00:00 DEBUG (7): receive add cart action.
2015-10-19T07:05:00+00:00 DEBUG (7): receive add cart action.
2015-10-19T07:06:32+00:00 DEBUG (7): receive add cart action.
2015-10-19T08:19:59+00:00 DEBUG (7): receive cart action.
2015-10-19T08:21:26+00:00 DEBUG (7): receive update cart action.
2015-10-19T08:22:00+00:00 DEBUG (7): receive cart action.
2015-10-19T08:23:17+00:00 DEBUG (7): receive update cart action.
2015-10-19T08:23:57+00:00 DEBUG (7): receive cart action.
2015-10-19T08:24:00+00:00 DEBUG (7): receive cart action.
2015-10-19T10:02:12+00:00 DEBUG (7): receive verify message action.
2015-10-19T10:06:57+00:00 DEBUG (7): receive verify message action.
2015-10-20T01:42:48+00:00 DEBUG (7): receive verify message action.
2015-10-20T01:43:15+00:00 DEBUG (7): receive verify message action.
2015-10-20T01:49:44+00:00 DEBUG (7): receive verify message action.
2015-10-20T01:53:19+00:00 DEBUG (7): receive verify message action.
2015-10-20T01:57:52+00:00 DEBUG (7): receive verify message action.
2015-10-20T02:00:26+00:00 DEBUG (7): receive verify message action.
2015-10-20T02:01:07+00:00 DEBUG (7): receive verify message action.
2015-10-20T02:19:11+00:00 DEBUG (7): receive verify message action.
2015-10-20T03:45:35+00:00 DEBUG (7): receive verify message action.
2015-10-20T03:56:14+00:00 DEBUG (7): receive verify message action.
2015-10-20T03:57:56+00:00 DEBUG (7): receive verify message action.
2015-10-20T03:58:26+00:00 DEBUG (7): receive verify message action.
2015-10-20T04:00:08+00:00 DEBUG (7): receive verify message action.
2015-10-20T04:18:33+00:00 DEBUG (7): receive verify message action.
2015-10-20T04:19:36+00:00 DEBUG (7): receive verify message action.
2015-10-20T04:30:07+00:00 DEBUG (7): receive verify message action.
2015-10-20T04:43:37+00:00 DEBUG (7): receive verify message action.
2015-10-20T04:44:23+00:00 DEBUG (7): receive verify message action.
2015-10-20T04:44:48+00:00 DEBUG (7): receive verify message action.
2015-10-20T04:51:45+00:00 DEBUG (7): receive verify message action.
2015-10-20T04:52:15+00:00 DEBUG (7): receive verify message action.
2015-10-20T04:54:39+00:00 DEBUG (7): receive post sms code action.
2015-10-20T04:56:04+00:00 DEBUG (7): receive post sms code action.
2015-10-20T04:57:49+00:00 DEBUG (7): receive post sms code action.
2015-10-20T07:28:29+00:00 DEBUG (7): receive add cart action.
2015-10-20T07:28:34+00:00 DEBUG (7): receive add wishlist action.
2015-10-20T07:38:23+00:00 DEBUG (7): receive wishlist action.
2015-10-20T07:45:15+00:00 DEBUG (7): receive wishlist action.
2015-10-20T07:46:12+00:00 DEBUG (7): receive wishlist action.
2015-10-20T07:48:34+00:00 DEBUG (7): receive wishlist action.
2015-10-20T08:27:24+00:00 DEBUG (7): receive wishlist action.
2015-10-20T08:32:23+00:00 DEBUG (7): receive wishlist action.
2015-10-20T08:36:41+00:00 DEBUG (7): receive wishlist action.
2015-10-20T08:56:23+00:00 DEBUG (7): receive wishlist action.
2015-10-20T08:57:40+00:00 DEBUG (7): receive wishlist action.
2015-10-20T08:58:31+00:00 DEBUG (7): receive wishlist action.
2015-10-20T08:59:55+00:00 DEBUG (7): receive wishlist action.
2015-10-20T09:00:43+00:00 DEBUG (7): receive wishlist action.
2015-10-26T07:22:32+00:00 DEBUG (7): receive login action
2015-10-26T07:25:46+00:00 DEBUG (7): receive login action
2015-10-26T08:38:11+00:00 DEBUG (7): receive list category action.
2015-10-26T08:39:19+00:00 DEBUG (7): receive list category action.
2015-10-26T08:49:37+00:00 DEBUG (7): receive list products action
2015-10-26T08:49:37+00:00 DEBUG (7): get customer id is :
2015-10-27T01:41:31+00:00 DEBUG (7): receive wishlist action.
2015-10-27T01:48:19+00:00 DEBUG (7): receive wishlist action.
2015-10-27T01:50:34+00:00 DEBUG (7): receive wishlist action.
2015-10-27T01:50:53+00:00 DEBUG (7): receive wishlist action.
2015-10-27T02:00:41+00:00 DEBUG (7): receive wishlist action.
2015-10-27T02:29:17+00:00 DEBUG (7): receive wishlist action.
2015-10-27T02:29:49+00:00 DEBUG (7): receive wishlist action.
2015-10-27T02:44:24+00:00 DEBUG (7): receive wishlist action.
2015-10-27T02:45:24+00:00 DEBUG (7): receive wishlist action.
2015-10-27T02:49:00+00:00 DEBUG (7): receive wishlist action.
2015-10-27T03:13:51+00:00 DEBUG (7): receive list products action
2015-10-27T03:13:51+00:00 DEBUG (7): get customer id is :2
2015-10-27T03:20:38+00:00 DEBUG (7): receive product info action.
2015-10-27T03:24:44+00:00 DEBUG (7): receive product info action.
2015-10-27T03:24:44+00:00 DEBUG (7): get customer id is :2
2015-10-27T03:53:11+00:00 DEBUG (7): receive add cart action.
2015-10-27T03:55:45+00:00 DEBUG (7): receive add cart action.
2015-10-27T03:56:46+00:00 DEBUG (7): receive add cart action.
2015-10-27T04:52:50+00:00 DEBUG (7): receive add cart action.
2015-10-27T04:54:10+00:00 DEBUG (7): receive cart action.
2015-10-27T04:54:17+00:00 DEBUG (7): receive cart action.
2015-10-27T05:30:42+00:00 DEBUG (7): receive order list action.
2015-10-27T05:30:42+00:00 DEBUG (7): get customer id is :2
2015-10-27T05:30:47+00:00 DEBUG (7): receive order list action.
2015-10-27T05:30:47+00:00 DEBUG (7): get customer id is :2
2015-10-27T05:30:55+00:00 DEBUG (7): receive order list action.
2015-10-27T05:30:55+00:00 DEBUG (7): get customer id is :2
2015-10-27T05:30:57+00:00 DEBUG (7): receive order list action.
2015-10-27T05:30:57+00:00 DEBUG (7): get customer id is :2
2015-10-27T05:32:58+00:00 DEBUG (7): receive order info action.
2015-10-27T05:34:47+00:00 DEBUG (7): receive order info action.
2015-10-27T05:37:21+00:00 DEBUG (7): receive cancel order action.
2015-10-27T05:46:28+00:00 DEBUG (7): receive customer address action.
2015-10-27T05:47:28+00:00 DEBUG (7): receive customer address action.
2015-10-27T05:51:21+00:00 DEBUG (7): receive delete address action.
2015-10-27T05:51:49+00:00 DEBUG (7): receive delete address action.
2015-10-27T05:54:01+00:00 DEBUG (7): get address info action.
2015-10-27T05:54:01+00:00 DEBUG (7): get address id is :4
2015-10-27T05:55:52+00:00 DEBUG (7): get address info action.
2015-10-27T05:55:52+00:00 DEBUG (7): get address id is :4
2015-10-27T06:01:46+00:00 DEBUG (7): receive add wishlist action.
2015-10-27T06:03:24+00:00 DEBUG (7): receive wishlist action.
2015-10-27T06:05:58+00:00 DEBUG (7): receive wishlist action.
2015-10-27T06:06:49+00:00 DEBUG (7): receive remove wish list action.
2015-10-27T06:45:52+00:00 DEBUG (7): receive save customer address action.
2015-10-27T06:56:20+00:00 DEBUG (7): receive edit address action.
2015-10-27T06:59:25+00:00 DEBUG (7): receive edit address action.
2015-10-27T07:15:15+00:00 DEBUG (7): receive sign action.
2015-10-27T07:16:16+00:00 DEBUG (7): receive sign action.
2015-10-27T07:16:41+00:00 DEBUG (7): receive sign action.
2015-10-27T07:17:04+00:00 DEBUG (7): receive sign action.
2015-10-29T01:58:15+00:00 DEBUG (7): HEADERS ALREADY SENT: <pre>[0] C:\xampp\htdocs\magento\app\code\core\Mage\Core\Controller\Response\Http.php:52
[1] C:\xampp\htdocs\magento\lib\Zend\Controller\Response\Abstract.php:766
[2] C:\xampp\htdocs\magento\app\code\core\Mage\Core\Controller\Response\Http.php:83
[3] C:\xampp\htdocs\magento\app\code\core\Mage\Core\Controller\Varien\Front.php:184
[4] C:\xampp\htdocs\magento\app\code\core\Mage\Core\Model\App.php:354
[5] C:\xampp\htdocs\magento\app\Mage.php:683
[6] C:\xampp\htdocs\magento\index.php:87
</pre>
2015-10-29T05:32:17+00:00 DEBUG (7): receive save order action.
2015-10-29T05:37:36+00:00 DEBUG (7): receive save order action.
2015-10-29T05:40:10+00:00 DEBUG (7): receive save order action.
2015-10-29T05:40:48+00:00 DEBUG (7): receive save order action.
2015-10-29T06:15:39+00:00 DEBUG (7): receive save order action.
2015-10-29T06:15:42+00:00 ERR (3): Notice: Undefined index: rqty  in C:\xampp\htdocs\magento\app\code\local\App\Api\controllers\ApiController.php on line 841
2015-10-29T06:23:03+00:00 DEBUG (7): receive save order action.
2015-10-29T06:23:09+00:00 ERR (3): Notice: Undefined index: rqty  in C:\xampp\htdocs\magento\app\code\local\App\Api\controllers\ApiController.php on line 843
2015-10-29T06:23:10+00:00 ERR (3): Notice: Undefined index: rqty  in C:\xampp\htdocs\magento\app\code\local\App\Api\controllers\ApiController.php on line 843
2015-10-29T06:39:46+00:00 DEBUG (7): receive save order action.
2015-10-29T06:41:18+00:00 DEBUG (7): receive save order action.
2015-10-29T06:59:24+00:00 DEBUG (7): receive save order action.
2015-10-29T06:59:25+00:00 ERR (3): Notice: Undefined variable: errors  in C:\xampp\htdocs\magento\app\code\local\App\Api\controllers\ApiController.php on line 807
2015-10-29T07:00:33+00:00 DEBUG (7): receive save order action.
2015-10-29T07:00:34+00:00 ERR (3): Notice: Undefined variable: errors  in C:\xampp\htdocs\magento\app\code\local\App\Api\controllers\ApiController.php on line 807
2015-10-29T07:03:11+00:00 DEBUG (7): receive save order action.
2015-10-29T07:03:12+00:00 ERR (3): Notice: Undefined variable: errors  in C:\xampp\htdocs\magento\app\code\local\App\Api\controllers\ApiController.php on line 807
2015-10-29T07:15:22+00:00 DEBUG (7): receive save order action.
2015-10-29T07:15:23+00:00 ERR (3): Notice: Undefined variable: errors  in C:\xampp\htdocs\magento\app\code\local\App\Api\controllers\ApiController.php on line 808
2015-10-29T07:22:24+00:00 DEBUG (7): receive save order action.
2015-10-29T07:22:25+00:00 ERR (3): Notice: Undefined variable: errors  in C:\xampp\htdocs\magento\app\code\local\App\Api\controllers\ApiController.php on line 808
2015-10-29T07:22:27+00:00 ERR (3): Notice: Undefined index: rqty  in C:\xampp\htdocs\magento\app\code\local\App\Api\controllers\ApiController.php on line 901
2015-10-29T07:22:27+00:00 ERR (3): Notice: Undefined index: rqty  in C:\xampp\htdocs\magento\app\code\local\App\Api\controllers\ApiController.php on line 901
2015-10-30T06:52:37+00:00 DEBUG (7): receive list products action
2015-10-30T06:52:37+00:00 DEBUG (7): get customer id is :
